[2024-05-29 22:27:32] No local config file found. Using default.
[2024-05-29 22:27:32] No local config file found. Using default.
[2024-05-29 22:27:32] Safemode enabled: false
[2024-05-29 22:27:32] No local config file found. Using default.
[2024-05-29 22:27:32] No local config file found. Using default.
[2024-05-29 22:27:33] Joining (load_mods_js)...
[2024-05-29 22:27:33] Joining (load_mods_js)...
[2024-05-29 22:27:33] No local plugin dir found. Using default.
[2024-05-29 22:27:33] No local plugin dir found. Using default.
[2024-05-29 22:27:33] No local plugin dir found. Using default.
[2024-05-29 22:27:33] Plugins updated
[2024-05-29 22:27:33] No local plugin dir found. Using default.
[2024-05-29 22:27:33] No local plugin dir found. Using default.
[2024-05-29 22:27:33] No local config file found. Using default.
[2024-05-29 22:27:33] No local config file found. Using default.
[2024-05-29 22:27:33] No local config file found. Using default.
[2024-05-29 22:27:33] No local config file found. Using default.
[2024-05-29 22:27:33] No local config file found. Using default.
[2024-05-29 22:27:33] No local config file found. Using default.
[2024-05-29 22:27:33] No local config file found. Using default.
[2024-05-29 22:27:33] No local config file found. Using default.
[2024-05-29 22:27:33] No local config file found. Using default.
[2024-05-29 22:27:33] No local config file found. Using default.
[2024-05-29 22:27:33] No local config file found. Using default.
[2024-05-29 22:27:33] No local config file found. Using default.
[2024-05-29 22:27:33] Autolaunch enabled: false
[2024-05-29 22:27:34] No local config file found. Using default.
[2024-05-29 22:27:34] No local config file found. Using default.
[2024-05-29 22:27:34] No local config file found. Using default.
[2024-05-29 22:27:34] No local config file found. Using default.
[2024-05-29 22:27:34] No local plugin dir found. Using default.
[2024-05-29 22:27:34] No local plugin dir found. Using default.
[2024-05-29 22:27:34] No local config file found. Using default.
[2024-05-29 22:27:34] No local config file found. Using default.
[2024-05-29 22:27:35] Joining (load_mods_css)...
[2024-05-29 22:27:36] No local theme dir found. Using default.
[2024-05-29 22:27:36] No local config file found. Using default.
[2024-05-29 22:27:36] No local config file found. Using default.
[2024-05-29 22:27:36] No local config file found. Using default.
[2024-05-29 22:27:36] No local config file found. Using default.
[2024-05-29 22:27:36] No local plugin dir found. Using default.
[2024-05-29 22:27:36] Setting notification count: 0
[2024-05-29 22:27:37] No local config file found. Using default.
[2024-05-29 22:27:37] No local config file found. Using default.
[2024-05-29 22:27:37] Checking for updates...
[2024-05-29 22:27:37] No local config file found. Using default.
[2024-05-29 22:27:37] No local config file found. Using default.
[2024-05-29 22:27:38] Checking for updates...
[2024-05-29 22:27:38] Setting notification count: 0
[2024-05-29 22:27:44] Setting notification count: 0
